2023.04.20 18:01:52 INFO  Started: Metals version 0.11.11 in workspace 'D:\Anul 3\Semestrul 2\Arhitectura sistemelor de calcul\Tema 1\asc-public\assignments\1-marketplace\skel' for client Visual Studio Code 1.77.3.
SLF4J: No SLF4J providers were found.
SLF4J: Defaulting to no-operation (NOP) logger implementation
SLF4J: See https://www.slf4j.org/codes.html#noProviders for further details.
SLF4J: Class path contains SLF4J bindings targeting slf4j-api versions 1.7.x or earlier.
SLF4J: Ignoring binding found at [jar:file:/C:/Users/andre/AppData/Local/Coursier/cache/v1/https/repo1.maven.org/maven2/com/outr/scribe-slf4j_2.13/3.11.0/scribe-slf4j_2.13-3.11.0.jar!/org/slf4j/impl/StaticLoggerBinder.class]
SLF4J: See https://www.slf4j.org/codes.html#ignoredBindings for an explanation.
2023.04.20 18:01:52 INFO  time: initialize in 0.62s
2023.04.20 18:01:54 WARN  Build server is not auto-connectable.
2023.04.20 18:01:54 WARN  no build tool detected in workspace 'D:\Anul 3\Semestrul 2\Arhitectura sistemelor de calcul\Tema 1\asc-public\assignments\1-marketplace\skel'. The most common cause for this problem is that the editor was opened in the wrong working directory, for example if you use sbt then the workspace directory should contain build.sbt. 
Apr 20, 2023 6:01:56 PM org.eclipse.lsp4j.jsonrpc.services.GenericEndpoint notify
INFO: Unsupported notification method: $/setTrace
Apr 20, 2023 6:02:07 PM org.eclipse.lsp4j.jsonrpc.services.GenericEndpoint notify
INFO: Unsupported notification method: $/setTrace
Apr 20, 2023 6:02:25 PM org.eclipse.lsp4j.jsonrpc.services.GenericEndpoint notify
INFO: Unsupported notification method: $/setTrace
Apr 20, 2023 6:02:42 PM org.eclipse.lsp4j.jsonrpc.services.GenericEndpoint notify
INFO: Unsupported notification method: $/setTrace
Apr 20, 2023 6:02:42 PM org.eclipse.lsp4j.jsonrpc.services.GenericEndpoint notify
INFO: Unsupported notification method: $/setTrace
Apr 20, 2023 6:02:42 PM org.eclipse.lsp4j.jsonrpc.services.GenericEndpoint notify
INFO: Unsupported notification method: $/setTrace
2023.04.20 18:02:51 INFO  Shutting down server
2023.04.20 18:02:51 INFO  shutting down Metals
2023.04.20 18:02:51 INFO  Exiting server
